<?xml version="1.0" encoding="UTF-8"?>
<testsuite xmlns:xsi="http://www.w3.org/2001/XMLSchema-instance" xsi:noNamespaceSchemaLocation="https://maven.apache.org/surefire/maven-surefire-plugin/xsd/surefire-test-report.xsd" version="3.0.1" name="com.bnmit.CalculatorTest" time="0.101" tests="3" errors="0" skipped="0" failures="0">
  <properties>
[...]
</properties>
  <testcase name="testDivideByZero" classname="com.bnmit.CalculatorTest" time="0.05"/>
  <testcase name="testAddition" classname="com.bnmit.CalculatorTest" time="0.003"/>
  <testcase name="testDisvision" classname="com.bnmit.CalculatorTest" time="0.002"/>
</testsuite>